

====================================
Log started, 04/12/2012 03:12:01
====================================

Undefined index:  ids at C:\AppServ\www\erp2\DHX\dhtmlxConnector\codebase\form_connector.php line 51

!!!Uncaught Exception
Code: 0
Message: ID parameter is missed



====================================
Log started, 04/12/2012 03:12:51
====================================

Undefined index:  ids at C:\AppServ\www\erp2\DHX\dhtmlxConnector\codebase\form_connector.php line 51

!!!Uncaught Exception
Code: 0
Message: ID parameter is missed



====================================
Log started, 04/12/2012 03:12:12
====================================

Undefined index:  ids at C:\AppServ\www\erp2\DHX\dhtmlxConnector\codebase\form_connector.php line 51

!!!Uncaught Exception
Code: 0
Message: ID parameter is missed



====================================
Log started, 04/12/2012 03:12:29
====================================

Undefined index:  ids at C:\AppServ\www\erp2\DHX\dhtmlxConnector\codebase\form_connector.php line 51

!!!Uncaught Exception
Code: 0
Message: ID parameter is missed



====================================
Log started, 06/12/2012 03:12:34
====================================

While there is no edit mode mark, POST parameters similar to edit mode detected. \n Switching to edit mode ( to disable behavior remove POST[ids]

DataProcessor object initialized
1354781471362_pricestr_type => CTP
1354781471362_customer_id => per-0008-system
1354781471362_pricestr_th_nm => ฮาวายไทย
1354781471362_pricestr_en_nm => Hawaii Thai
1354781471362_pricestr_code => $C
1354781471362_currency => THB
1354781471362_discount => dddd
1354781471362_discountmax => dddd
1354781471362_commission => ddd
1354781471362_description => ddd
1354781471362_startDate_car => Tue Dec 04 2012 15:11:00 GMT+0700 (SE Asia Standard Time)
1354781471362_validUntil_car => Fri Dec 07 2012 15:11:00 GMT+0700 (SE Asia Standard Time)
1354781471362_id => 
1354781471362_loginCompany => system
1354781471362_loginUser => system
1354781471362_startDate => 2012-12-04
1354781471362_validUntil => 2012-12-07
1354781471362_!nativeeditor_status => inserted
ids => 1354781471362

Row data [1354781471362]
pricestr_type => CTP
customer_id => per-0008-system
pricestr_th_nm => ฮาวายไทย
pricestr_en_nm => Hawaii Thai
pricestr_code => $C
currency => THB
discount => dddd
discountmax => dddd
commission => ddd
description => ddd
startDate_car => Tue Dec 04 2012 15:11:00 GMT+0700 (SE Asia Standard Time)
validUntil_car => Fri Dec 07 2012 15:11:00 GMT+0700 (SE Asia Standard Time)
id => 
loginCompany => system
loginUser => system
startDate => 2012-12-04
validUntil => 2012-12-07
!nativeeditor_status => inserted

change value of: id as: std2012-12-06

change value of: revision as: 0

INSERT INTO pricestr(`id`,`pricestr_type`,`pricestr_th_nm`,`pricestr_en_nm`,`pricestr_code`,`currency`,`discount`,`discountmax`,`commission`,`description`,`loginCompany`,`loginUser`,`startDate`,`validUntil`,`revision`) VALUES ('std2012-12-06','CTP','ฮาวายไทย','Hawaii Thai','$C','THB','dddd','dddd','ddd','ddd','system','system','2012-12-04','2012-12-07','0')

Edit operation finished
0 => action:inserted; sid:1354781471362; tid:87;

Done in 0.0149409770966s



====================================
Log started, 06/12/2012 03:12:55
====================================

While there is no edit mode mark, POST parameters similar to edit mode detected. \n Switching to edit mode ( to disable behavior remove POST[ids]

DataProcessor object initialized
87_pricestr_type => CTP
87_customer_id => per-0008-system
87_pricestr_th_nm => ฮาวายไทย
87_pricestr_en_nm => Hawaii Thai
87_pricestr_code => $C
87_currency => THB
87_discount => dddd
87_discountmax => dddd
87_commission => ddd
87_description => ddd
87_startDate_car => Tue Dec 04 2012 15:11:00 GMT+0700 (SE Asia Standard Time)
87_validUntil_car => Fri Dec 07 2012 15:11:00 GMT+0700 (SE Asia Standard Time)
87_id => 
87_loginCompany => system
87_loginUser => system
87_startDate => 2012-12-04
87_validUntil => 2012-12-07
87_!nativeeditor_status => updated
ids => 87

Row data [87]
pricestr_type => CTP
customer_id => per-0008-system
pricestr_th_nm => ฮาวายไทย
pricestr_en_nm => Hawaii Thai
pricestr_code => $C
currency => THB
discount => dddd
discountmax => dddd
commission => ddd
description => ddd
startDate_car => Tue Dec 04 2012 15:11:00 GMT+0700 (SE Asia Standard Time)
validUntil_car => Fri Dec 07 2012 15:11:00 GMT+0700 (SE Asia Standard Time)
id => 
loginCompany => system
loginUser => system
startDate => 2012-12-04
validUntil => 2012-12-07
!nativeeditor_status => updated

Undefined index:  ids at C:\AppServ\www\erp2\priceStructure\PHP\priceStrInsert.php line 26

Undefined variable: fields at C:\AppServ\www\erp2\priceStructure\PHP\priceStrInsert.php line 27

mysql_fetch_array(): supplied argument is not a valid MySQL result resource at C:\AppServ\www\erp2\priceStructure\PHP\priceStrInsert.php line 30

adding field: editor, with value: 1

change value of: editor as: usr-020-system

adding field: revision, with value: 1

change value of: revision as: 

change value of: id as: 

Edit operation finished
0 => action:error; sid:87; tid:87;

Done in 0.0271790027618s



====================================
Log started, 06/12/2012 03:12:51
====================================

While there is no edit mode mark, POST parameters similar to edit mode detected. \n Switching to edit mode ( to disable behavior remove POST[ids]

DataProcessor object initialized
1354781618847_pricestr_type => CTP
1354781618847_customer_id => per-0008-system
1354781618847_pricestr_th_nm => ฮาวายไทย
1354781618847_pricestr_en_nm => Hawaii Thai
1354781618847_pricestr_code => $C
1354781618847_currency => ddd
1354781618847_discount => ddd
1354781618847_discountmax => ddd
1354781618847_commission => ddd
1354781618847_description => dddd
1354781618847_startDate_car => Thu Dec 06 2012 15:13:00 GMT+0700 (SE Asia Standard Time)
1354781618847_validUntil_car => Fri Dec 21 2012 15:13:00 GMT+0700 (SE Asia Standard Time)
1354781618847_id => 
1354781618847_loginCompany => system
1354781618847_loginUser => system
1354781618847_startDate => 2012-12-06
1354781618847_validUntil => 2012-12-21
1354781618847_!nativeeditor_status => inserted
ids => 1354781618847

Row data [1354781618847]
pricestr_type => CTP
customer_id => per-0008-system
pricestr_th_nm => ฮาวายไทย
pricestr_en_nm => Hawaii Thai
pricestr_code => $C
currency => ddd
discount => ddd
discountmax => ddd
commission => ddd
description => dddd
startDate_car => Thu Dec 06 2012 15:13:00 GMT+0700 (SE Asia Standard Time)
validUntil_car => Fri Dec 21 2012 15:13:00 GMT+0700 (SE Asia Standard Time)
id => 
loginCompany => system
loginUser => system
startDate => 2012-12-06
validUntil => 2012-12-21
!nativeeditor_status => inserted

change value of: id as: std2012-12-06

change value of: revision as: 0

INSERT INTO pricestr(`id`,`customer_id`,`pricestr_type`,`pricestr_th_nm`,`pricestr_en_nm`,`pricestr_code`,`currency`,`discount`,`discountmax`,`commission`,`description`,`loginCompany`,`loginUser`,`startDate`,`validUntil`,`revision`) VALUES ('std2012-12-06','per-0008-system','CTP','ฮาวายไทย','Hawaii Thai','$C','ddd','ddd','ddd','ddd','dddd','system','system','2012-12-06','2012-12-21','0')

Edit operation finished
0 => action:inserted; sid:1354781618847; tid:88;

Done in 0.0188918113708s



====================================
Log started, 24/12/2012 12:12:05
====================================

Undefined index:  ids at C:\AppServ\www\erp2\DHX\dhtmlxConnector\codebase\form_connector.php line 51

!!!Uncaught Exception
Code: 0
Message: ID parameter is missed



====================================
Log started, 24/12/2012 12:12:05
====================================

SELECT `rowId`,`id`,`customer_id`,`pricestr_type`,`pricestr_th_nm`,`pricestr_en_nm`,`pricestr_code`,`currency`,`discount`,`discountmax`,`commission`,`description`,`loginCompany`,`loginUser`,`startDate`,`validUntil`,`revision` FROM pricestr WHERE `rowId` = '27'

Done in 0.00554800033569s



====================================
Log started, 24/12/2012 12:12:17
====================================

SELECT `rowId`,`id`,`customer_id`,`pricestr_type`,`pricestr_th_nm`,`pricestr_en_nm`,`pricestr_code`,`currency`,`discount`,`discountmax`,`commission`,`description`,`loginCompany`,`loginUser`,`startDate`,`validUntil`,`revision` FROM pricestr WHERE `rowId` = '2'

Done in 0.00548505783081s



====================================
Log started, 24/12/2012 12:12:23
====================================

SELECT `rowId`,`id`,`customer_id`,`pricestr_type`,`pricestr_th_nm`,`pricestr_en_nm`,`pricestr_code`,`currency`,`discount`,`discountmax`,`commission`,`description`,`loginCompany`,`loginUser`,`startDate`,`validUntil`,`revision` FROM pricestr WHERE `rowId` = '34'

Done in 0.00586986541748s



====================================
Log started, 24/12/2012 12:12:27
====================================

SELECT `rowId`,`id`,`customer_id`,`pricestr_type`,`pricestr_th_nm`,`pricestr_en_nm`,`pricestr_code`,`currency`,`discount`,`discountmax`,`commission`,`description`,`loginCompany`,`loginUser`,`startDate`,`validUntil`,`revision` FROM pricestr WHERE `rowId` = '39'

Done in 0.00621509552002s



====================================
Log started, 24/12/2012 12:12:58
====================================

SELECT `rowId`,`id`,`customer_id`,`pricestr_type`,`pricestr_th_nm`,`pricestr_en_nm`,`pricestr_code`,`currency`,`discount`,`discountmax`,`commission`,`description`,`loginCompany`,`loginUser`,`startDate`,`validUntil`,`revision` FROM pricestr WHERE `rowId` = '27'

Done in 0.0067298412323s



====================================
Log started, 24/12/2012 12:12:58
====================================

SELECT `rowId`,`id`,`customer_id`,`pricestr_type`,`pricestr_th_nm`,`pricestr_en_nm`,`pricestr_code`,`currency`,`discount`,`discountmax`,`commission`,`description`,`loginCompany`,`loginUser`,`startDate`,`validUntil`,`revision` FROM pricestr WHERE `rowId` = '27'

Done in 0.0060350894928s



====================================
Log started, 24/12/2012 12:12:58
====================================

Undefined index:  ids at C:\AppServ\www\erp2\DHX\dhtmlxConnector\codebase\form_connector.php line 51

!!!Uncaught Exception
Code: 0
Message: ID parameter is missed



====================================
Log started, 24/12/2012 12:12:20
====================================

SELECT `rowId`,`id`,`customer_id`,`pricestr_type`,`pricestr_th_nm`,`pricestr_en_nm`,`pricestr_code`,`currency`,`discount`,`discountmax`,`commission`,`description`,`loginCompany`,`loginUser`,`startDate`,`validUntil`,`revision` FROM pricestr WHERE `rowId` = '29'

Done in 0.00651407241821s



====================================
Log started, 24/12/2012 12:12:44
====================================

SELECT `rowId`,`id`,`customer_id`,`pricestr_type`,`pricestr_th_nm`,`pricestr_en_nm`,`pricestr_code`,`currency`,`discount`,`discountmax`,`commission`,`description`,`loginCompany`,`loginUser`,`startDate`,`validUntil`,`revision` FROM pricestr WHERE `rowId` = '27'

Done in 0.00585389137268s



====================================
Log started, 24/12/2012 12:12:59
====================================

SELECT `rowId`,`id`,`customer_id`,`pricestr_type`,`pricestr_th_nm`,`pricestr_en_nm`,`pricestr_code`,`currency`,`discount`,`discountmax`,`commission`,`description`,`loginCompany`,`loginUser`,`startDate`,`validUntil`,`revision` FROM pricestr WHERE `rowId` = '27'

Done in 0.00668716430664s



====================================
Log started, 24/12/2012 12:12:25
====================================

SELECT `rowId`,`id`,`customer_id`,`pricestr_type`,`pricestr_th_nm`,`pricestr_en_nm`,`pricestr_code`,`currency`,`discount`,`discountmax`,`commission`,`description`,`loginCompany`,`loginUser`,`startDate`,`validUntil`,`revision` FROM pricestr WHERE `rowId` = '28'

Done in 0.00642490386963s



====================================
Log started, 24/12/2012 12:12:31
====================================

SELECT `rowId`,`id`,`customer_id`,`pricestr_type`,`pricestr_th_nm`,`pricestr_en_nm`,`pricestr_code`,`currency`,`discount`,`discountmax`,`commission`,`description`,`loginCompany`,`loginUser`,`startDate`,`validUntil`,`revision` FROM pricestr WHERE `rowId` = '30'

Done in 0.0065541267395s



====================================
Log started, 27/12/2012 12:12:36
====================================

SELECT `rowId`,`id`,`customer_id`,`pricestr_type`,`pricestr_th_nm`,`pricestr_en_nm`,`pricestr_code`,`currency`,`discount`,`discountmax`,`commission`,`description`,`loginCompany`,`loginUser`,`startDate`,`validUntil`,`revision` FROM pricestr WHERE `rowId` = '1'

Done in 0.070424079895s



====================================
Log started, 11/02/2013 05:02:46
====================================

SELECT `rowId`,`id`,`customer_id`,`pricestr_type`,`pricestr_th_nm`,`pricestr_en_nm`,`pricestr_code`,`currency`,`discount`,`discountmax`,`commission`,`description`,`loginCompany`,`loginUser`,`startDate`,`validUntil`,`revision` FROM pricestr WHERE `rowId` = '1'

Done in 0.0241918563843s



====================================
Log started, 18/02/2013 02:02:51
====================================

SELECT `rowId`,`id`,`customer_id`,`pricestr_type`,`pricestr_th_nm`,`pricestr_en_nm`,`pricestr_code`,`currency`,`discount`,`discountmax`,`commission`,`description`,`loginCompany`,`loginUser`,`startDate`,`validUntil`,`revision` FROM pricestr WHERE `rowId` = '1'

Done in 0.0278308391571s



====================================
Log started, 18/02/2013 02:02:54
====================================

While there is no edit mode mark, POST parameters similar to edit mode detected. \n Switching to edit mode ( to disable behavior remove POST[ids]

DataProcessor object initialized
1_pricestr_type => Cost
1_pricestr_th_nm => ทุนขั้นต้น
1_pricestr_en_nm => cost
1_pricestr_code => $C
1_currency => THB
1_discount => 0.0000
1_discountmax => 0.0000
1_commission => 0.0000
1_description => ทุนขั้นต้น
1_startDate_car => Sat Jan 01 2011 00:00:00 GMT+0700 (SE Asia Standard Time)
1_validUntil_car => Sat Dec 31 2011 00:00:00 GMT+0700 (SE Asia Standard Time)
1_id => cost
1_loginCompany => 
1_loginUser => 
1_startDate => 2011-01-01
1_validUntil => 2011-12-31
1_customer_id => 
1_revision => 0
1_!nativeeditor_status => updated
ids => 1

Row data [1]
pricestr_type => Cost
pricestr_th_nm => ทุนขั้นต้น
pricestr_en_nm => cost
pricestr_code => $C
currency => THB
discount => 0.0000
discountmax => 0.0000
commission => 0.0000
description => ทุนขั้นต้น
startDate_car => Sat Jan 01 2011 00:00:00 GMT+0700 (SE Asia Standard Time)
validUntil_car => Sat Dec 31 2011 00:00:00 GMT+0700 (SE Asia Standard Time)
id => cost
loginCompany => 
loginUser => 
startDate => 2011-01-01
validUntil => 2011-12-31
customer_id => 
revision => 0
!nativeeditor_status => updated

UPDATE pricestr SET `id`='cost',`customer_id`='',`pricestr_type`='Cost',`pricestr_th_nm`='ทุนขั้นต้น',`pricestr_en_nm`='cost',`pricestr_code`='$C',`currency`='THB',`discount`='0.0000',`discountmax`='0.0000',`commission`='0.0000',`description`='ทุนขั้นต้น',`loginCompany`='',`loginUser`='',`startDate`='2011-01-01',`validUntil`='2011-12-31',`revision`='0' WHERE `rowId`='1'

Edit operation finished
0 => action:updated; sid:1; tid:1;

Done in 0.0202870368958s



====================================
Log started, 10/04/2013 05:04:41
====================================

While there is no edit mode mark, POST parameters similar to edit mode detected. \n Switching to edit mode ( to disable behavior remove POST[ids]

DataProcessor object initialized
1365585286354_pricestr_type => CTP
1365585286354_customer_id => 
1365585286354_pricestr_th_nm => สงกรานต์
1365585286354_pricestr_en_nm => songkarn
1365585286354_pricestr_code => $C
1365585286354_currency => 
1365585286354_discount => 
1365585286354_discountmax => 
1365585286354_commission => 
1365585286354_description => SPP
1365585286354_startDate_car => Wed Apr 10 2013 16:15:00 GMT+0700 (SE Asia Standard Time)
1365585286354_validUntil_car => Thu Apr 11 2013 16:15:00 GMT+0700 (SE Asia Standard Time)
1365585286354_id => 
1365585286354_loginCompany => system
1365585286354_loginUser => system
1365585286354_startDate => 2013-04-10
1365585286354_validUntil => 2013-04-11
1365585286354_!nativeeditor_status => inserted
ids => 1365585286354

Row data [1365585286354]
pricestr_type => CTP
customer_id => 
pricestr_th_nm => สงกรานต์
pricestr_en_nm => songkarn
pricestr_code => $C
currency => 
discount => 
discountmax => 
commission => 
description => SPP
startDate_car => Wed Apr 10 2013 16:15:00 GMT+0700 (SE Asia Standard Time)
validUntil_car => Thu Apr 11 2013 16:15:00 GMT+0700 (SE Asia Standard Time)
id => 
loginCompany => system
loginUser => system
startDate => 2013-04-10
validUntil => 2013-04-11
!nativeeditor_status => inserted

Incorrect field name used: revision

data
pricestr_type => CTP
customer_id => 
pricestr_th_nm => สงกรานต์
pricestr_en_nm => songkarn
pricestr_code => $C
currency => 
discount => 
discountmax => 
commission => 
description => SPP
startDate_car => Wed Apr 10 2013 16:15:00 GMT+0700 (SE Asia Standard Time)
validUntil_car => Thu Apr 11 2013 16:15:00 GMT+0700 (SE Asia Standard Time)
id => 
loginCompany => system
loginUser => system
startDate => 2013-04-10
validUntil => 2013-04-11
!nativeeditor_status => inserted

Incorrect field name used: revision

data
pricestr_type => CTP
customer_id => 
pricestr_th_nm => สงกรานต์
pricestr_en_nm => songkarn
pricestr_code => $C
currency => 
discount => 
discountmax => 
commission => 
description => SPP
startDate_car => Wed Apr 10 2013 16:15:00 GMT+0700 (SE Asia Standard Time)
validUntil_car => Thu Apr 11 2013 16:15:00 GMT+0700 (SE Asia Standard Time)
id => 
loginCompany => system
loginUser => system
startDate => 2013-04-10
validUntil => 2013-04-11
!nativeeditor_status => inserted

INSERT INTO pricestr(`id`,`customer_id`,`pricestr_type`,`pricestr_th_nm`,`pricestr_en_nm`,`pricestr_code`,`currency`,`discount`,`discountmax`,`commission`,`description`,`loginCompany`,`loginUser`,`startDate`,`validUntil`,`revision`) VALUES ('','','CTP','สงกรานต์','songkarn','$C','','','','','SPP','system','system','2013-04-10','2013-04-11','')

Edit operation finished
0 => action:inserted; sid:1365585286354; tid:94;

Done in 0.0549318790436s



====================================
Log started, 23/04/2013 12:04:06
====================================

SELECT `rowId`,`id`,`customer_id`,`pricestr_type`,`pricestr_th_nm`,`pricestr_en_nm`,`pricestr_code`,`currency`,`discount`,`discountmax`,`commission`,`description`,`loginCompany`,`loginUser`,`startDate`,`validUntil`,`revision` FROM pricestr WHERE `rowId` = '27'

!!!Uncaught Exception
Code: 0
Message: MySQL operation failed
Unknown column 'loginCompany' in 'field list'



====================================
Log started, 02/05/2013 09:05:06
====================================

SELECT `rowId`,`id`,`customer_id`,`pricestr_type`,`pricestr_th_nm`,`pricestr_en_nm`,`pricestr_code`,`currency`,`discount`,`discountmax`,`commission`,`description`,`loginCompany`,`loginUser`,`startDate`,`validUntil`,`revision` FROM pricestr

!!!Uncaught Exception
Code: 0
Message: MySQL operation failed
Unknown column 'loginCompany' in 'field list'



====================================
Log started, 02/05/2013 10:05:54
====================================

SELECT `rowId`,`id`,`customer_id`,`pricestr_type`,`pricestr_th_nm`,`pricestr_en_nm`,`pricestr_code`,`currency`,`discount`,`discountmax`,`commission`,`description`,`loginCompany`,`loginUser`,`startDate`,`validUntil`,`revision` FROM pricestr

!!!Uncaught Exception
Code: 0
Message: MySQL operation failed
Unknown column 'loginCompany' in 'field list'



====================================
Log started, 02/05/2013 10:05:16
====================================

SELECT `rowId`,`id`,`customer_id`,`pricestr_type`,`pricestr_th_nm`,`pricestr_en_nm`,`pricestr_code`,`currency`,`discount`,`discountmax`,`commission`,`description`,`loginCompany`,`loginUser`,`startDate`,`validUntil`,`revision` FROM pricestr

!!!Uncaught Exception
Code: 0
Message: MySQL operation failed
Unknown column 'loginCompany' in 'field list'



====================================
Log started, 05/09/2013 04:09:01
====================================

SELECT `rowId`,`id`,`customer_id`,`pricestr_type`,`pricestr_th_nm`,`pricestr_en_nm`,`pricestr_code`,`currency`,`discount`,`discountmax`,`commission`,`description`,`loginCompany`,`loginUser`,`startDate`,`validUntil`,`revision` FROM pricestr WHERE `rowId` = '92'

!!!Uncaught Exception
Code: 0
Message: MySQL operation failed
Unknown column 'loginCompany' in 'field list'

